...Confusion Matrix...
[[1614   94]
 [  45  917]]
...Classification Report...
              precision    recall  f1-score   support

           0       0.97      0.94      0.96      1708
           1       0.91      0.95      0.93       962

   micro avg       0.95      0.95      0.95      2670
   macro avg       0.94      0.95      0.94      2670
weighted avg       0.95      0.95      0.95      2670

...Accuracy Score...
0.947940074906367
(array(['Harry', 'that only', 'Ron and'], dtype=object), array([1]), 0)
(array(['Houston', 'the Whitney', 'film The'], dtype=object), array([1]), 0)
(array(['Bush', 'George W', 'and the'], dtype=object), array([1]), 0)
(array(['Vera Drake', nan, 'scoops film'], dtype=object), array([1]), 0)
(array(['Marcia Cross', 'Housewives stars', 'and Felicity'], dtype=object), array([1]), 0)
(array(['Hans Christian', 'of writer', 'Andersen'], dtype=object), array([1]), 0)
(array(['Chancellor', 'The Lord', 'Lord Falconer'], dtype=object), array([1]), 0)
(array(['Hermione', 'Ron and', 'can put'], dtype=object), array([1]), 0)
(array(['Tate', 'actress Sharon', 'and four'], dtype=object), array([1]), 0)
(array(['Serwotka', 'leader Mark', 'warned last'], dtype=object), array([1]), 0)
(array(['S', 'by journalist', 'Hussain Zaidi'], dtype=object), array([1]), 0)
(array(['Davis', 'Some of', 'best known'], dtype=object), array([1]), 0)
(array(['Director Southan Morris', nan, 'and executive'], dtype=object), array([1]), 0)
(array(['OHerlihy', 'nominee Dan', 'dies Irish'], dtype=object), array([1]), 0)
(array(['Dubs', 'back Lord', 'Succession to'], dtype=object), array([1]), 0)
(array(['Bush', 'of Kate', 'Hounds of'], dtype=object), array([1]), 0)
(array(['Guy', 'Hasna and', 'a blues'], dtype=object), array([1]), 0)
(array(['Santa', 'to meet', 'Claus'], dtype=object), array([1]), 0)
(array(['Robin Broke', 'Alva director', 'said Visits'], dtype=object), array([1]), 0)
(array(['DArcy', 'star Gordon', 'and Australian'], dtype=object), array([1]), 0)
(array(['LewisFrancis', 'and Mark', 'are Olympic'], dtype=object), array([1]), 0)
(array(['Debussy', 'Chopin and', 'I listen'], dtype=object), array([1]), 0)
(array(['Ally Warnock', nan, 'clawed back'], dtype=object), array([1]), 0)
(array(['Karina Habsudova', 'Kucera and', 'beat France'], dtype=object), array([1]), 0)
(array(['Guy Mansfield', 'Bar Council', 'QC has'], dtype=object), array([1]), 0)
(array(['Mansfield QC', 'Council Guy', 'has warned'], dtype=object), array([1]), 0)
(array(['Bush', 'an outspoken', 'critic in'], dtype=object), array([1]), 0)
(array(['Bin Laden', 'hunting Osama', nan], dtype=object), array([1]), 0)
(array(['Bush', 'climate of', 'America'], dtype=object), array([1]), 0)
(array(['Cape', 'correspondent Stephen', nan], dtype=object), array([1]), 0)
(array(['Baroness', 'Office minister', 'Scotland said'], dtype=object), array([1]), 0)
(array(['Harry', 'William and', 'receive taxpayers'], dtype=object), array([1]), 0)
(array(['Rascal', 'included Dizzee', 'in at'], dtype=object), array([1]), 0)
(array(['Amelie', 'in LA', 'Mauresmo and'], dtype=object), array([1]), 0)
(array(['Colin High', 'exinternational referees', 'and Steve'],
      dtype=object), array([1]), 0)
(array(['Snicket', 'of Lemony', 'novels has'], dtype=object), array([1]), 0)
(array(['Christian', 'Olympic champion', 'Olsson will'], dtype=object), array([1]), 0)
(array(['ScottJoynt', 'Rt Rev', 'argued'], dtype=object), array([1]), 0)
(array(['Rock', 'newcomer Chris', 'takes place'], dtype=object), array([1]), 0)
(array(['Hans', 'of writer', 'Christian Andersen'], dtype=object), array([1]), 0)
(array(['Bones', 'The Lovely', 'sold over'], dtype=object), array([1]), 0)
(array(['Prince Philip', 'Queen and', 'will lead'], dtype=object), array([1]), 0)
(array(['MurphyOConnor', 'Cardinal Cormac', 'has said'], dtype=object), array([1]), 0)
(array(['Will', 'among them', 'Smith Kevin'], dtype=object), array([1]), 0)
(array(['Baroness Scotland', 'Office minister', 'said Murder'],
      dtype=object), array([1]), 0)
...Confusion Matrix...
[[4163  211]
 [ 213 2123]]
...Classification Report...
              precision    recall  f1-score   support

           0       0.95      0.95      0.95      4374
           1       0.91      0.91      0.91      2336

   micro avg       0.94      0.94      0.94      6710
   macro avg       0.93      0.93      0.93      6710
weighted avg       0.94      0.94      0.94      6710

...Accuracy Score...
0.9368107302533532
